<?xml version="1.0" encoding="UTF-8"?>
<!-- Generated by org.testng.reporters.JUnitReportReporter -->
<testsuite hostname="DESKTOP-9O50N1Q" failures="0" tests="1" name="RunnerPack.FailedTestRunner" time="132.284" errors="0" timestamp="2024-07-06T23:21:09 IST" skipped="0">
  <testcase classname="RunnerPack.FailedTestRunner" name="runScenario" time="132.284"/>
</testsuite> <!-- RunnerPack.FailedTestRunner -->
