<?xml version="1.0" encoding="UTF-8"?>
<!-- Generated by org.testng.reporters.JUnitReportReporter -->
<testsuite hostname="DESKTOP-9O50N1Q" failures="0" tests="6" name="RunnerPack.TestRunner" time="550.282" errors="1" timestamp="2024-07-12T21:52:25 IST" skipped="0">
  <testcase classname="RunnerPack.TestRunner" name="runScenario" time="89.542"/>
  <testcase classname="RunnerPack.TestRunner" name="runScenario" time="86.708"/>
  <testcase classname="RunnerPack.TestRunner" name="runScenario" time="117.294"/>
  <testcase classname="RunnerPack.TestRunner" name="runScenario" time="88.393"/>
  <testcase classname="RunnerPack.TestRunner" name="runScenario" time="103.121"/>
  <testcase classname="RunnerPack.TestRunner" name="runScenario" time="65.224">
    <error message="element not interactable
  (Session info: chrome=126.0.6478.127)
Build info: version: &#039;4.21.0&#039;, revision: &#039;79ed462ef4&#039;
System info: os.name: &#039;Windows 10&#039;, os.arch: &#039;amd64&#039;, os.version: &#039;10.0&#039;, java.version: &#039;20.0.1&#039;
Driver info: org.openqa.selenium.chrome.ChromeDriver
Command: [2e1ce14eb5c52e25a41ec1a8042631bd, sendKeysToElement {id=f.0C96A0E8D3411C349F99B60DBF5CB6A1.d.53BA0B2F2C1F7BDEB9A44FE1F0D86E0B.e.305, value=[Ljava.lang.CharSequence;@2506b881}]
Capabilities {acceptInsecureCerts: false, browserName: chrome, browserVersion: 126.0.6478.127, chrome: {chromedriverVersion: 126.0.6478.126 (d36ace6122e..., userDataDir: C:\Users\HOME\AppData\Local...}, fedcm:accounts: true, goog:chromeOptions: {debuggerAddress: localhost:56322}, networkConnectionEnabled: false, pageLoadStrategy: normal, platformName: windows, proxy: Proxy(), se:cdp: ws://localhost:56322/devtoo..., se:cdpVersion: 126.0.6478.127, setWindowRect: true, strictFileInteractability: false, timeouts: {implicit: 0, pageLoad: 300000, script: 30000}, unhandledPromptBehavior: dismiss and notify, webauthn:extension:credBlob: true, webauthn:extension:largeBlob: true, webauthn:extension:minPinLength: true, webauthn:extension:prf: true, webauthn:virtualAuthenticators: true}
Element: [[ChromeDriver: chrome on windows (2e1ce14eb5c52e25a41ec1a8042631bd)] -&gt; xpath: //input[@role=&#039;searchbox&#039; and @aria-autocomplete=&#039;list&#039;]]
Session ID: 2e1ce14eb5c52e25a41ec1a8042631bd" type="org.openqa.selenium.ElementNotInteractableException">
      <![CDATA[org.openqa.selenium.ElementNotInteractableException: element not interactable
  (Session info: chrome=126.0.6478.127)
Build info: version: '4.21.0', revision: '79ed462ef4'
System info: os.name: 'Windows 10', os.arch: 'amd64', os.version: '10.0', java.version: '20.0.1'
Driver info: org.openqa.selenium.chrome.ChromeDriver
Command: [2e1ce14eb5c52e25a41ec1a8042631bd, sendKeysToElement {id=f.0C96A0E8D3411C349F99B60DBF5CB6A1.d.53BA0B2F2C1F7BDEB9A44FE1F0D86E0B.e.305, value=[Ljava.lang.CharSequence;@2506b881}]
Capabilities {acceptInsecureCerts: false, browserName: chrome, browserVersion: 126.0.6478.127, chrome: {chromedriverVersion: 126.0.6478.126 (d36ace6122e..., userDataDir: C:\Users\HOME\AppData\Local...}, fedcm:accounts: true, goog:chromeOptions: {debuggerAddress: localhost:56322}, networkConnectionEnabled: false, pageLoadStrategy: normal, platformName: windows, proxy: Proxy(), se:cdp: ws://localhost:56322/devtoo..., se:cdpVersion: 126.0.6478.127, setWindowRect: true, strictFileInteractability: false, timeouts: {implicit: 0, pageLoad: 300000, script: 30000}, unhandledPromptBehavior: dismiss and notify, webauthn:extension:credBlob: true, webauthn:extension:largeBlob: true, webauthn:extension:minPinLength: true, webauthn:extension:prf: true, webauthn:virtualAuthenticators: true}
Element: [[ChromeDriver: chrome on windows (2e1ce14eb5c52e25a41ec1a8042631bd)] -> xpath: //input[@role='searchbox' and @aria-autocomplete='list']]
Session ID: 2e1ce14eb5c52e25a41ec1a8042631bd
at java.base/jdk.internal.reflect.DirectConstructorHandleAccessor.newInstance(DirectConstructorHandleAccessor.java:67)
at java.base/java.lang.reflect.Constructor.newInstanceWithCaller(Constructor.java:500)
at java.base/java.lang.reflect.Constructor.newInstance(Constructor.java:484)
at org.openqa.selenium.remote.ErrorCodec.decode(ErrorCodec.java:167)
at org.openqa.selenium.remote.codec.w3c.W3CHttpResponseCodec.decode(W3CHttpResponseCodec.java:138)
at org.openqa.selenium.remote.codec.w3c.W3CHttpResponseCodec.decode(W3CHttpResponseCodec.java:50)
at org.openqa.selenium.remote.HttpCommandExecutor.execute(HttpCommandExecutor.java:190)
at org.openqa.selenium.remote.service.DriverCommandExecutor.invokeExecute(DriverCommandExecutor.java:216)
at org.openqa.selenium.remote.service.DriverCommandExecutor.execute(DriverCommandExecutor.java:174)
at org.openqa.selenium.remote.RemoteWebDriver.execute(RemoteWebDriver.java:518)
at org.openqa.selenium.remote.RemoteWebElement.execute(RemoteWebElement.java:223)
at org.openqa.selenium.remote.RemoteWebElement.sendKeys(RemoteWebElement.java:110)
at POMClasses.BookingConfirmation.selectPassengersDetails(BookingConfirmation.java:71)
at StepDefinations.TicketBookStepDefination.fillThePassengersDetailsFollowing(TicketBookStepDefination.java:124)
at âœ½.Fill the passengers details following:(file:///E:/EclipsWorkSpace/IRCTC_CUCUMBER_PROJECT/src/test/java/FeatureFiles/TicketBook.feature:9)
]]>
    </error>
  </testcase> <!-- runScenario -->
</testsuite> <!-- RunnerPack.TestRunner -->
