<?xml version="1.0" encoding="UTF-8"?>
<!-- Generated by org.testng.reporters.JUnitReportReporter -->
<testsuite hostname="DESKTOP-9O50N1Q" failures="0" tests="3" name="RunnerPack.TestRunner" time="301.921" errors="0" timestamp="2024-07-06T23:34:17 IST" skipped="0">
  <testcase classname="RunnerPack.TestRunner" name="runScenario" time="89.423"/>
  <testcase classname="RunnerPack.TestRunner" name="runScenario" time="88.256"/>
  <testcase classname="RunnerPack.TestRunner" name="runScenario" time="124.242"/>
</testsuite> <!-- RunnerPack.TestRunner -->
