<?xml version="1.0" encoding="UTF-8"?>
<!-- Generated by org.testng.reporters.JUnitReportReporter -->
<testsuite hostname="DESKTOP-9O50N1Q" failures="0" tests="1" name="RunnerPack.TestRunner" time="149.476" errors="0" timestamp="2024-06-30T03:10:35 IST" skipped="0">
  <testcase classname="RunnerPack.TestRunner" name="runScenario" time="149.476"/>
</testsuite> <!-- RunnerPack.TestRunner -->
